<?xml version="1.0" encoding="UTF-8"?>
<!-- Generated by org.testng.reporters.JUnitReportReporter -->
<testsuite skipped="0" hostname="DESKTOP-IAGK322" name="testScripts.SecondTest" tests="1" failures="0" timestamp="2023-02-18T08:55:13 IST" time="57.007" errors="0">
  <testcase name="secondTest" time="57.007" classname="testScripts.SecondTest"/>
  <system-out/>
</testsuite> <!-- testScripts.SecondTest -->
