<?xml version="1.0" encoding="UTF-8"?>
<!-- Generated by org.testng.reporters.JUnitReportReporter -->
<testsuite skipped="0" hostname="DESKTOP-IAGK322" name="testScripts.ThirdTest" tests="1" failures="0" timestamp="2023-02-20T10:22:55 IST" time="27.799" errors="0">
  <testcase name="thirdTest" time="27.799" classname="testScripts.ThirdTest"/>
  <system-out/>
</testsuite> <!-- testScripts.ThirdTest -->
