<?xml version="1.0" encoding="UTF-8"?>
<!-- Generated by org.testng.reporters.JUnitReportReporter -->
<testsuite skipped="0" hostname="DESKTOP-IAGK322" name="testScripts.FourthTest" tests="1" failures="0" timestamp="2023-02-20T10:19:56 IST" time="23.046" errors="0">
  <testcase name="fourthTest" time="23.046" classname="testScripts.FourthTest"/>
  <system-out/>
</testsuite> <!-- testScripts.FourthTest -->
